#
# A fatal error has been detected by the Java Runtime Environment:
#
#  EXCEPTION_ACCESS_VIOLATION (0xc0000005) at pc=0x0000000077a808c5, pid=8152, tid=828
#
# JRE version: 6.0_17-b04
# Java VM: Java HotSpot(TM) 64-Bit Server VM (14.3-b01 mixed mode windows-amd64 )
# Problematic frame:
# C  [ntdll.dll+0x508c5]
#
# If you would like to submit a bug report, please visit:
#   http://java.sun.com/webapps/bugreport/crash.jsp
#

---------------  T H R E A D  ---------------

Current thread (0x0000000070c8b800):  JavaThread "TimerQueue" daemon [_thread_in_Java, id=828, stack(0x00000000c4000000,0x00000000c8000000)]

siginfo: ExceptionCode=0xc0000005, reading address 0xffffffffffffffff

Registers:
EAX=0x00000000c7ffecf8, EBX=0x0000000000000002, ECX=0x00000000c7ffedc8, EDX=0x00000000c7ffed38
ESP=0x00000000c7ffece8, EBP=0x000007fee49b80b0, ESI=0x0000000000000020, EDI=0x0000000000000000
EIP=0x0000000077a808c5, EFLAGS=0x0000000000010202

Top of Stack: (sp=0x00000000c7ffece8)
0x00000000c7ffece8:   0000000000000202 0000000077a3b219
0x00000000c7ffecf8:   000007fffff6a000 0000000000000000
0x00000000c7ffed08:   0000000000000040 226beef400520054
0x00000000c7ffed18:   0000000006660470 0000e71ad507882a
0x00000000c7ffed28:   000000002433c1f8 0000000070735320
0x00000000c7ffed38:   00000000c8000000 00000000c7ff9000
0x00000000c7ffed48:   0000000078be35ff 0000000000000000
0x00000000c7ffed58:   0000000006660080 000000000678f360
0x00000000c7ffed68:   0000000006660334 000000010a74fb90
0x00000000c7ffed78:   0000000078c5e5f4 0000000070528d90
0x00000000c7ffed88:   000000006eec6d10 000000002433c090
0x00000000c7ffed98:   0000000006660080 0000000109fecc70
0x00000000c7ffeda8:   0000000006660290 000000000667eb90
0x00000000c7ffedb8:   00000000c7ffee10 000000007d8c1d80
0x00000000c7ffedc8:   0000000006660080 0000000000000000
0x00000000c7ffedd8:   0000000006660344 0000000006680d50 

Instructions: (pc=0x0000000077a808c5)
0x0000000077a808b5:   00 00 4c 89 b1 e8 00 00 00 4c 89 b9 f0 00 00 00
0x0000000077a808c5:   0f ae 81 00 01 00 00 0f 29 81 a0 01 00 00 0f 29 


Stack: [0x00000000c4000000,0x00000000c8000000],  sp=0x00000000c7ffece8,  free space=65531k
Native frames: (J=compiled Java code, j=interpreted, Vv=VM code, C=native code)
C  [ntdll.dll+0x508c5]

Java frames: (J=compiled Java code, j=interpreted, Vv=VM code)
v  blob 0x0000000024177039
j  javax.swing.TimerQueue.postExpiredTimers()J+6
j  javax.swing.TimerQueue.run()V+8
j  java.lang.Thread.run()V+11
v  ~StubRoutines::call_stub

---------------  P R O C E S S  ---------------

Java Threads: ( => current thread )
  0x000000010a6df800 JavaThread "Prefs Updater" daemon [_thread_blocked, id=3312, stack(0x00000000a8000000,0x00000000ac000000)]
  0x000000010a6e1800 JavaThread "Swing-Shell" daemon [_thread_blocked, id=7488, stack(0x0000000159000000,0x000000015d000000)]
  0x0000000070c90000 JavaThread "Timer-2" daemon [_thread_blocked, id=7908, stack(0x000000011af70000,0x000000011ef70000)]
  0x0000000070c99800 JavaThread "com.jniwrapper.NativeResourceCollector" daemon [_thread_blocked, id=6988, stack(0x000000010af70000,0x000000010ef70000)]
  0x0000000070c93000 JavaThread "Active Reference Queue Daemon" daemon [_thread_blocked, id=3844, stack(0x00000000f9fa0000,0x00000000fdfa0000)]
  0x0000000070c91800 JavaThread "Timer-1" daemon [_thread_blocked, id=7852, stack(0x00000000f5fa0000,0x00000000f9fa0000)]
  0x0000000070c92000 JavaThread "ClipboardMonitor Timer" daemon [_thread_blocked, id=5704, stack(0x00000000f1fa0000,0x00000000f5fa0000)]
  0x0000000070c90800 JavaThread "Explorer NavigationContext request queue" daemon [_thread_blocked, id=6520, stack(0x00000000edfa0000,0x00000000f1fa0000)]
  0x0000000070c8f000 JavaThread "AddressBar directory emptiness poller" daemon [_thread_blocked, id=7100, stack(0x00000000e5fa0000,0x00000000e9fa0000)]
  0x0000000070c8e800 JavaThread "Explorer Refresh Service 1185330056" daemon [_thread_blocked, id=6172, stack(0x00000000e1fa0000,0x00000000e5fa0000)]
  0x0000000070c8d800 JavaThread "Thread-4" daemon [_thread_blocked, id=7156, stack(0x00000000d9fa0000,0x00000000ddfa0000)]
=>0x0000000070c8b800 JavaThread "TimerQueue" daemon [_thread_in_Java, id=828, stack(0x00000000c4000000,0x00000000c8000000)]
  0x0000000070c8b000 JavaThread "Thread-3" daemon [_thread_blocked, id=6508, stack(0x00000000b4000000,0x00000000b8000000)]
  0x0000000070721800 JavaThread "AWT-EventQueue-0" [_thread_blocked, id=1004, stack(0x00000000b0000000,0x00000000b4000000)]
  0x000000006e9d2800 JavaThread "com.google.common.base.internal.Finalizer" daemon [_thread_blocked, id=400, stack(0x00000000ac000000,0x00000000b0000000)]
  0x000000006ea57000 JavaThread "AWT-Windows" daemon [_thread_in_native, id=7928, stack(0x00000000a4000000,0x00000000a8000000)]
  0x000000006ea56800 JavaThread "AWT-Shutdown" [_thread_blocked, id=7688, stack(0x00000000a0000000,0x00000000a4000000)]
  0x000000006ea56000 JavaThread "Java2D Disposer" daemon [_thread_blocked, id=3892, stack(0x000000009c000000,0x00000000a0000000)]
  0x000000006e18d000 JavaThread "Timer-0" [_thread_blocked, id=8120, stack(0x0000000098000000,0x000000009c000000)]
  0x000000006e4f9800 JavaThread "EventMgr Dispatcher" daemon [_thread_in_native, id=3644, stack(0x0000000094000000,0x0000000098000000)]
  0x000000005f3a8800 JavaThread "Low Memory Detector" daemon [_thread_blocked, id=7152, stack(0x000000008c000000,0x0000000090000000)]
  0x000000005f356000 JavaThread "CompilerThread1" daemon [_thread_blocked, id=2808, stack(0x0000000088000000,0x000000008c000000)]
  0x000000005f352000 JavaThread "CompilerThread0" daemon [_thread_blocked, id=7256, stack(0x0000000084000000,0x0000000088000000)]
  0x000000005f351000 JavaThread "Attach Listener" daemon [_thread_blocked, id=6532, stack(0x0000000080000000,0x0000000084000000)]
  0x000000005f33c800 JavaThread "Finalizer" daemon [_thread_blocked, id=7356, stack(0x0000000067490000,0x000000006b490000)]
  0x000000005f336000 JavaThread "Reference Handler" daemon [_thread_blocked, id=7320, stack(0x0000000063490000,0x0000000067490000)]
  0x00000000066a7800 JavaThread "main" [_thread_in_native, id=6004, stack(0x0000000000030000,0x0000000004030000)]

Other Threads:
  0x000000005f331800 VMThread [stack: 0x000000005f490000,0x0000000063490000] [id=7308]
  0x000000005f3e6800 WatcherThread [stack: 0x0000000090000000,0x0000000094000000] [id=7544]

VM state:not at safepoint (normal execution)

VM Mutex/Monitor currently owned by a thread: None

Heap
 PSYoungGen      total 89152K, used 60752K [0x0000000047140000, 0x000000004f140000, 0x000000004f140000)
  eden space 61440K, 53% used [0x0000000047140000,0x000000004918d1d8,0x000000004ad40000)
  from space 27712K, 99% used [0x000000004afa0000,0x000000004caa70c0,0x000000004cab0000)
  to   space 36480K, 0% used [0x000000004cda0000,0x000000004cda0000,0x000000004f140000)
 PSOldGen        total 76288K, used 44959K [0x000000002f140000, 0x0000000033bc0000, 0x0000000047140000)
  object space 76288K, 58% used [0x000000002f140000,0x0000000031d27ff8,0x0000000033bc0000)
 PSPermGen       total 115264K, used 73748K [0x0000000027140000, 0x000000002e1d0000, 0x000000002f140000)
  object space 115264K, 63% used [0x0000000027140000,0x000000002b9453d8,0x000000002e1d0000)

Dynamic libraries:
0x0000000140000000 - 0x0000000140028000 	D:\Program Files\MATLAB\R2013a\bin\win64\MATLAB.exe
0x0000000077a30000 - 0x0000000077bd9000 	C:\Windows\SYSTEM32\ntdll.dll
0x0000000077810000 - 0x000000007792f000 	C:\Windows\system32\kernel32.dll
0x000007fefdad0000 - 0x000007fefdb3b000 	C:\Windows\system32\KERNELBASE.dll
0x0000000074460000 - 0x0000000074515000 	D:\Program Files\MATLAB\R2013a\bin\win64\libut.dll
0x00000000758a0000 - 0x000000007595f000 	D:\Program Files\MATLAB\R2013a\bin\win64\libmwi18n.dll
0x0000000180000000 - 0x000000018000d000 	D:\Program Files\MATLAB\R2013a\bin\win64\libmwresource_core.dll
0x0000000072bb0000 - 0x0000000072c48000 	D:\Program Files\MATLAB\R2013a\bin\win64\MSVCP100.dll
0x0000000072ad0000 - 0x0000000072ba2000 	D:\Program Files\MATLAB\R2013a\bin\win64\MSVCR100.dll
0x0000000072ca0000 - 0x0000000072cae000 	D:\Program Files\MATLAB\R2013a\bin\win64\boost_date_time-vc100-mt-1_49.dll
0x0000000072c70000 - 0x0000000072c9c000 	D:\Program Files\MATLAB\R2013a\bin\win64\boost_filesystem-vc100-mt-1_49.dll
0x0000000072c60000 - 0x0000000072c69000 	D:\Program Files\MATLAB\R2013a\bin\win64\boost_system-vc100-mt-1_49.dll
0x000007fefe5c0000 - 0x000007fefe69b000 	C:\Windows\system32\ADVAPI32.dll
0x000007fefe3b0000 - 0x000007fefe44f000 	C:\Windows\system32\msvcrt.dll
0x000007fefe980000 - 0x000007fefe99f000 	C:\Windows\SYSTEM32\sechost.dll
0x000007fefdec0000 - 0x000007fefdfed000 	C:\Windows\system32\RPCRT4.dll
0x0000000072aa0000 - 0x0000000072ac5000 	D:\Program Files\MATLAB\R2013a\bin\win64\LIBEXPAT.dll
0x0000000072910000 - 0x0000000072a9a000 	D:\Program Files\MATLAB\R2013a\bin\win64\icuin49.dll
0x000000006d750000 - 0x000000006d88e000 	D:\Program Files\MATLAB\R2013a\bin\win64\icuuc49.dll
0x000000006c620000 - 0x000000006d742000 	D:\Program Files\MATLAB\R2013a\bin\win64\icudt49.dll
0x0000000072c50000 - 0x0000000072c60000 	D:\Program Files\MATLAB\R2013a\bin\win64\icuio49.dll
0x0000000073f70000 - 0x0000000074112000 	D:\Program Files\MATLAB\R2013a\bin\win64\libmwfl.dll
0x000000007a350000 - 0x000000007a737000 	D:\Program Files\MATLAB\R2013a\bin\win64\libmwMATLAB_res.dll
0x0000000072830000 - 0x000000007290f000 	D:\Program Files\MATLAB\R2013a\bin\win64\boost_regex-vc100-mt-1_49.dll
0x0000000077930000 - 0x0000000077a2a000 	C:\Windows\system32\USER32.dll
0x000007fefde50000 - 0x000007fefdeb7000 	C:\Windows\system32\GDI32.dll
0x000007fefdff0000 - 0x000007fefdffe000 	C:\Windows\system32\LPK.dll
0x000007fefe6a0000 - 0x000007fefe769000 	C:\Windows\system32\USP10.dll
0x000000006feb0000 - 0x000000006fec1000 	D:\Program Files\MATLAB\R2013a\bin\win64\boost_signals-vc100-mt-1_49.dll
0x000000006fe90000 - 0x000000006fea1000 	D:\Program Files\MATLAB\R2013a\bin\win64\boost_thread-vc100-mt-1_49.dll
0x000007fef5d90000 - 0x000007fef5e1c000 	D:\Program Files\MATLAB\R2013a\bin\win64\boost_log-vc100-mt-1_49.dll
0x0000000077bf0000 - 0x0000000077bf7000 	C:\Windows\system32\PSAPI.DLL
0x000007fefe570000 - 0x000007fefe5bd000 	C:\Windows\system32\WS2_32.dll
0x000007fefe560000 - 0x000007fefe568000 	C:\Windows\system32\NSI.dll
0x000007fee99a0000 - 0x000007fee99d3000 	D:\Program Files\MATLAB\R2013a\bin\win64\tbb.dll
0x000007fefe310000 - 0x000007fefe329000 	C:\Windows\system32\imagehlp.dll
0x000007fefc000000 - 0x000007fefc02c000 	C:\Windows\system32\POWRPROF.dll
0x000007fefe9a0000 - 0x000007fefeb77000 	C:\Windows\system32\SETUPAPI.dll
0x000007fefd910000 - 0x000007fefd946000 	C:\Windows\system32\CFGMGR32.dll
0x000007fefdd70000 - 0x000007fefde47000 	C:\Windows\system32\OLEAUT32.dll
0x000007fefe770000 - 0x000007fefe973000 	C:\Windows\system32\ole32.dll
0x000007fefd8f0000 - 0x000007fefd90a000 	C:\Windows\system32\DEVOBJ.dll
0x0000000004220000 - 0x0000000004241000 	D:\Program Files\MATLAB\R2013a\bin\win64\libmwmfl_scalar.dll
0x000007fee5950000 - 0x000007fee5a75000 	C:\Windows\system32\dbghelp.dll
0x0000000004250000 - 0x000000000457f000 	D:\Program Files\MATLAB\R2013a\bin\win64\libmwservices.dll
0x0000000075a20000 - 0x0000000075b0b000 	D:\Program Files\MATLAB\R2013a\bin\win64\libmx.dll
0x000007fef6b20000 - 0x000007fef6b48000 	D:\Program Files\MATLAB\R2013a\bin\win64\tbbmalloc.dll
0x000000006fd80000 - 0x000000006fd97000 	D:\Program Files\MATLAB\R2013a\bin\win64\zlib1.dll
0x0000000004580000 - 0x00000000045ce000 	D:\Program Files\MATLAB\R2013a\bin\win64\libmwregexp.dll
0x0000000075f10000 - 0x0000000075f57000 	D:\Program Files\MATLAB\R2013a\bin\win64\mpath.dll
0x000000007b680000 - 0x000000007bc66000 	D:\Program Files\MATLAB\R2013a\bin\win64\mlutil.dll
0x00000000754d0000 - 0x0000000075547000 	D:\Program Files\MATLAB\R2013a\bin\win64\xmlcore.dll
0x000000006c3d0000 - 0x000000006c611000 	D:\Program Files\MATLAB\R2013a\bin\win64\xerces-c_2_7.dll
0x00000000045d0000 - 0x00000000045f2000 	D:\Program Files\MATLAB\R2013a\bin\win64\libmwMATLAB_settings_res.dll
0x000007fef8700000 - 0x000007fef8710000 	D:\Program Files\MATLAB\R2013a\bin\win64\boost_iostreams-vc100-mt-1_49.dll
0x000007fee9950000 - 0x000007fee9996000 	D:\Program Files\MATLAB\R2013a\bin\win64\boost_serialization-vc100-mt-1_49.dll
0x000007fefefb0000 - 0x000007feffd38000 	C:\Windows\system32\SHELL32.dll
0x000007fefe330000 - 0x000007fefe3a1000 	C:\Windows\system32\SHLWAPI.dll
0x0000000004600000 - 0x0000000004606000 	D:\Program Files\MATLAB\R2013a\bin\win64\libmwnativedisplay.dll
0x000007fef9890000 - 0x000007fef9930000 	C:\Windows\WinSxS\amd64_microsoft.windows.common-controls_6595b64144ccf1df_5.82.7601.17514_none_a4d6a923711520a9\COMCTL32.dll
0x000007fefe000000 - 0x000007fefe097000 	C:\Windows\system32\COMDLG32.dll
0x000007fefc7d0000 - 0x000007fefc7e6000 	C:\Windows\system32\NETAPI32.dll
0x000007fefc7c0000 - 0x000007fefc7cc000 	C:\Windows\system32\netutils.dll
0x000007fefd290000 - 0x000007fefd2b3000 	C:\Windows\system32\srvcli.dll
0x000007fefc7a0000 - 0x000007fefc7b5000 	C:\Windows\system32\wkscli.dll
0x0000000074970000 - 0x0000000074a18000 	D:\Program Files\MATLAB\R2013a\bin\win64\mcr.dll
0x0000000075000000 - 0x00000000753b1000 	D:\Program Files\MATLAB\R2013a\bin\win64\iqm.dll
0x0000000074e80000 - 0x0000000074f30000 	D:\Program Files\MATLAB\R2013a\bin\win64\m_dispatcher.dll
0x0000000004610000 - 0x0000000004e18000 	D:\Program Files\MATLAB\R2013a\bin\win64\m_interpreter.dll
0x0000000004e20000 - 0x0000000004e44000 	D:\Program Files\MATLAB\R2013a\bin\win64\libmex.dll
0x0000000075430000 - 0x00000000754ab000 	D:\Program Files\MATLAB\R2013a\bin\win64\profiler.dll
0x0000000004e50000 - 0x00000000050d3000 	D:\Program Files\MATLAB\R2013a\bin\win64\libmwmathutil.dll
0x0000000079f40000 - 0x0000000079f66000 	D:\Program Files\MATLAB\R2013a\bin\win64\libmwmathrng.dll
0x00000000050e0000 - 0x00000000050f0000 	D:\Program Files\MATLAB\R2013a\bin\win64\libmwmfl_rng.dll
0x0000000074c10000 - 0x0000000074cf8000 	D:\Program Files\MATLAB\R2013a\bin\win64\libmwmathcore.dll
0x0000000076160000 - 0x00000000761c3000 	D:\Program Files\MATLAB\R2013a\bin\win64\libmwspmatrix.dll
0x000000007b0a0000 - 0x000000007b2f6000 	D:\Program Files\MATLAB\R2013a\bin\win64\mcos.dll
0x0000000075ea0000 - 0x0000000075f02000 	D:\Program Files\MATLAB\R2013a\bin\win64\libmwcholmod.dll
0x0000000005100000 - 0x000000000510d000 	D:\Program Files\MATLAB\R2013a\bin\win64\libmwamd.dll
0x0000000071420000 - 0x00000000714c3000 	C:\Windows\WinSxS\amd64_microsoft.vc90.crt_1fc8b3b9a1e18e3b_9.0.30729.6161_none_08e61857a83bc251\MSVCR90.dll
0x0000000005120000 - 0x000000000512c000 	D:\Program Files\MATLAB\R2013a\bin\win64\libmwcolamd.dll
0x000000007a290000 - 0x000000007a2a3000 	D:\Program Files\MATLAB\R2013a\bin\win64\libmwblas.dll
0x000000007a310000 - 0x000000007a325000 	D:\Program Files\MATLAB\R2013a\bin\win64\libmwbinder.dll
0x0000000005140000 - 0x000000000514b000 	D:\Program Files\MATLAB\R2013a\bin\win64\libmwompwrapper.dll
0x0000000075820000 - 0x000000007589e000 	D:\Program Files\MATLAB\R2013a\bin\win64\libmwlapack.dll
0x000000007a1b0000 - 0x000000007a1d0000 	D:\Program Files\MATLAB\R2013a\bin\win64\m_pcodeio.dll
0x0000000079b10000 - 0x0000000079b6c000 	D:\Program Files\MATLAB\R2013a\bin\win64\m_ir.dll
0x0000000078ed0000 - 0x0000000079579000 	D:\Program Files\MATLAB\R2013a\bin\win64\m_parser.dll
0x000000007a2f0000 - 0x000000007a307000 	D:\Program Files\MATLAB\R2013a\bin\win64\ir_xfmr.dll
0x0000000005150000 - 0x0000000005160000 	D:\Program Files\MATLAB\R2013a\bin\win64\mtok.dll
0x000000007a130000 - 0x000000007a158000 	D:\Program Files\MATLAB\R2013a\bin\win64\m_pcodegen.dll
0x0000000079fb0000 - 0x0000000079fdf000 	D:\Program Files\MATLAB\R2013a\bin\win64\libmwbridge.dll
0x0000000074f40000 - 0x0000000074ff6000 	D:\Program Files\MATLAB\R2013a\bin\win64\udd.dll
0x0000000073cc0000 - 0x0000000073e0e000 	D:\Program Files\MATLAB\R2013a\bin\win64\libmwgui.dll
0x000000007a1d0000 - 0x000000007a1f4000 	D:\Program Files\MATLAB\R2013a\bin\win64\graphics_util.dll
0x000007fee9890000 - 0x000007fee9948000 	D:\Program Files\MATLAB\R2013a\bin\win64\libtex_base.dll
0x0000000005160000 - 0x0000000005aa3000 	D:\Program Files\MATLAB\R2013a\bin\win64\hg.dll
0x0000000076100000 - 0x000000007615a000 	D:\Program Files\MATLAB\R2013a\bin\win64\libmat.dll
0x0000000072d30000 - 0x0000000072f38000 	D:\Program Files\MATLAB\R2013a\bin\win64\hdf5dll.dll
0x0000000075710000 - 0x00000000757d8000 	D:\Program Files\MATLAB\R2013a\bin\win64\jmi.dll
0x0000000005ac0000 - 0x0000000005ace000 	D:\Program Files\MATLAB\R2013a\bin\win64\nativejava_services.dll
0x0000000005ad0000 - 0x0000000005b10000 	D:\Program Files\MATLAB\R2013a\bin\win64\libmwhardcopy.dll
0x0000000075c70000 - 0x0000000075cce000 	D:\Program Files\MATLAB\R2013a\bin\win64\libuij.dll
0x0000000072f50000 - 0x000000007318f000 	D:\Program Files\MATLAB\R2013a\bin\win64\hgdatatypes.dll
0x0000000005b10000 - 0x0000000005bfb000 	D:\Program Files\MATLAB\R2013a\bin\win64\hgutils.dll
0x0000000005c00000 - 0x0000000005cae000 	D:\Program Files\MATLAB\R2013a\bin\win64\udd_mi.dll
0x0000000005cb0000 - 0x0000000005ce6000 	D:\Program Files\MATLAB\R2013a\bin\win64\libmwgbtutils.dll
0x0000000005cf0000 - 0x0000000005d04000 	D:\Program Files\MATLAB\R2013a\bin\win64\libmwgbt.dll
0x0000000005d10000 - 0x0000000005fde000 	D:\Program Files\MATLAB\R2013a\bin\win64\uiw.dll
0x0000000005fe0000 - 0x0000000005fe9000 	D:\Program Files\MATLAB\R2013a\bin\win64\uinone.dll
0x0000000005ff0000 - 0x0000000006016000 	D:\Program Files\MATLAB\R2013a\bin\win64\libmwnativefiledialogs.dll
0x0000000006020000 - 0x000000000602c000 	D:\Program Files\MATLAB\R2013a\bin\win64\libmwplatform_res.dll
0x000007fef79a0000 - 0x000007fef79b8000 	C:\Windows\system32\MPR.dll
0x000000006be70000 - 0x000000006c3cd000 	D:\Program Files\MATLAB\R2013a\bin\win64\mfc100.dll
0x000007fefc530000 - 0x000007fefc537000 	C:\Windows\system32\MSIMG32.dll
0x000007fefab20000 - 0x000007fefab91000 	C:\Windows\system32\WINSPOOL.DRV
0x0000000006030000 - 0x000000000604d000 	D:\Program Files\MATLAB\R2013a\bin\win64\mwoles05.DLL
0x0000000006050000 - 0x00000000060bc000 	D:\Program Files\MATLAB\R2013a\bin\win64\comcli.dll
0x000000006fd50000 - 0x000000006fd7b000 	D:\Program Files\MATLAB\R2013a\bin\win64\ATL100.DLL
0x00000000060c0000 - 0x00000000060cc000 	D:\Program Files\MATLAB\R2013a\bin\win64\mlautoregister.dll
0x00000000060d0000 - 0x0000000006226000 	D:\Program Files\MATLAB\R2013a\bin\win64\mvm.dll
0x000007fefd680000 - 0x000007fefd6d7000 	C:\Windows\system32\apphelp.dll
0x000007fee9830000 - 0x000007fee9881000 	C:\Windows\AppPatch\AppPatch64\AcGenral.DLL
0x000007fefd650000 - 0x000007fefd675000 	C:\Windows\system32\SspiCli.dll
0x0000000071260000 - 0x0000000071263000 	C:\Windows\system32\sfc.dll
0x000007fef79c0000 - 0x000007fef79d0000 	C:\Windows\system32\sfc_os.DLL
0x000007fefc460000 - 0x000007fefc47e000 	C:\Windows\system32\USERENV.dll
0x000007fefd7e0000 - 0x000007fefd7ef000 	C:\Windows\system32\profapi.dll

VM Arguments:
jvm_args: -XX:PermSize=32m -Xms64m -XX:NewRatio=3 -XX:MaxPermSize=128m -Xmx512m -XX:MaxDirectMemorySize=2147400000 -Dsun.java2d.noddraw=true -Dsun.awt.nopixfmt=true -Xshare:off -Xrs -Dsun.awt.disableMixing=true -Djava.library.path=D:\Program Files\MATLAB\R2013a\bin\win64;D:\Program Files\MATLAB\R2013a\sys\jxbrowser\win64\lib vfprintf abort -Duser.language=en -Duser.country=US 
java_command: <unknown>
Launcher Type: generic

Environment Variables:
JAVA_HOME=D:\Program Files\Java\jdk1.7.0_45
USERNAME=aero-think
OS=Windows_NT
PROCESSOR_IDENTIFIER=Intel64 Family 6 Model 42 Stepping 7, GenuineIntel



---------------  S Y S T E M  ---------------

OS: Windows 7 Build 7601 Service Pack 1

CPU:total 4 (8 cores per cpu, 2 threads per core) family 6 model 42 stepping 7, cmov, cx8, fxsr, mmx, sse, sse2, sse3, ssse3, sse4.1, sse4.2, ht

Memory: 4k page, physical 8154352k(5591852k free), swap 16306840k(13611168k free)

vm_info: Java HotSpot(TM) 64-Bit Server VM (14.3-b01) for windows-amd64 JRE (1.6.0_17-b04), built on Oct 11 2009 00:46:08 by "java_re" with MS VC++ 8.0

time: Thu Nov 21 19:40:51 2013
elapsed time: 398 seconds

