#
# A fatal error has been detected by the Java Runtime Environment:
#
#  EXCEPTION_ACCESS_VIOLATION (0xc0000005) at pc=0x0000000078a77453, pid=5148, tid=6084
#
# JRE version: 6.0_17-b04
# Java VM: Java HotSpot(TM) 64-Bit Server VM (14.3-b01 mixed mode windows-amd64 )
# Problematic frame:
# C  0x0000000078a77453
#
# If you would like to submit a bug report, please visit:
#   http://java.sun.com/webapps/bugreport/crash.jsp
#

---------------  T H R E A D  ---------------

Current thread (0x000000006f687000):  JavaThread "Main message loop" daemon [_thread_in_vm, id=6084, stack(0x0000000112f70000,0x0000000116f70000)]

siginfo: ExceptionCode=0xc0000005, reading address 0x00000000012daed0

Registers:
EAX=0x0000000000000000, EBX=0x000000006f687000, ECX=0x0000000000000700, EDX=0x00000000012daed0
ESP=0x0000000116f551e0, EBP=0x0000000000000001, ESI=0x000000006f6871b8, EDI=0x00000000012daed0
EIP=0x0000000078a77453, EFLAGS=0x0000000000010246

Top of Stack: (sp=0x0000000116f551e0)
0x0000000116f551e0:   0000000000000000 0000000116f55200
0x0000000116f551f0:   0000000116f55250 0000000078a88418
0x0000000116f55200:   000000006f687000 0000000000000000
0x0000000116f55210:   0000000116f55210 000000002ae844d1
0x0000000116f55220:   0000000116f552b0 000000006c84140d
0x0000000116f55230:   00000000012daed0 0000000000000001
0x0000000116f55240:   0000000000000000 0000000116f55230
0x0000000116f55250:   0000000116f552f0 00000000241404d7
0x0000000116f55260:   ffffffffffffea77 0000000000000000
0x0000000116f55270:   0000000049b423c8 0000000000000000
0x0000000116f55280:   0000000049b42130 0000000049b41728
0x0000000116f55290:   0000000049b40dd0 0000000049b40d58
0x0000000116f552a0:   0000000000000000 0000000000000000
0x0000000116f552b0:   0000000049b427e8 0000000116f554f8
0x0000000116f552c0:   0000000116f55398 000000000000000a
0x0000000116f552d0:   0000000116f55370 0000000024145ac2 

Instructions: (pc=0x0000000078a77453)
0x0000000078a77443:   8d 4c 24 20 e8 84 5a 1b 00 80 3d 45 4e 3d 00 00
0x0000000078a77453:   48 8b 07 74 10 8b 48 08 48 8b 05 76 0a 3f 00 48 


Stack: [0x0000000112f70000,0x0000000116f70000],  sp=0x0000000116f551e0,  free space=65428k
Native frames: (J=compiled Java code, j=interpreted, Vv=VM code, C=native code)
C  0x0000000078a77453

Java frames: (J=compiled Java code, j=interpreted, Vv=VM code)
j  com.jniwrapper.Function.invokeVirtualFunc(JIB[BII[II)I+0
j  com.jniwrapper.FunctionCall.a(ZJJJIBLcom/jniwrapper/Parameter;[Lcom/jniwrapper/Parameter;)J+285
j  com.jniwrapper.FunctionCall.callVirtual(JIBLcom/jniwrapper/Parameter;[Lcom/jniwrapper/Parameter;)J+11
j  com.jniwrapper.win32.com.impl.IUnknownImpl.invokeVirtualMethod(IBLcom/jniwrapper/Parameter;[Lcom/jniwrapper/Parameter;)V+98
j  com.jniwrapper.win32.com.impl.IUnknownImpl.invokeStandardVirtualMethod(IB[Lcom/jniwrapper/Parameter;Z)Lcom/jniwrapper/win32/HResult;+8
j  com.jniwrapper.win32.com.impl.IUnknownImpl.invokeStandardVirtualMethod(IB[Lcom/jniwrapper/Parameter;)Lcom/jniwrapper/win32/HResult;+5
j  com.jniwrapper.win32.shdocvw.impl.IWebBrowser2Impl.navigate2(Lcom/jniwrapper/win32/automation/types/Variant;Lcom/jniwrapper/win32/automation/types/Variant;Lcom/jniwrapper/win32/automation/types/Variant;Lcom/jniwrapper/win32/automation/types/Variant;Lcom/jniwrapper/win32/automation/types/Variant;)V+117
j  com.jniwrapper.win32.ie.bh.execute(Lcom/jniwrapper/win32/shdocvw/IWebBrowser2;)V+41
j  com.jniwrapper.win32.ie.p.run()V+11
j  com.jniwrapper.win32.MessageLoopThread$ThreadSynchronizedAction.run()V+4
j  com.jniwrapper.win32.MessageLoopThread$LoopThread.run()V+415
v  ~StubRoutines::call_stub

---------------  P R O C E S S  ---------------

Java Threads: ( => current thread )
  0x000000006f44d000 JavaThread "Unnamed RequestAggregator Timer" daemon [_thread_blocked, id=5484, stack(0x0000000136f70000,0x000000013af70000)]
  0x000000006f686000 JavaThread "PathAffordance path resolver" daemon [_thread_blocked, id=5872, stack(0x0000000132f70000,0x0000000136f70000)]
  0x000000006f682800 JavaThread "PathAffordance path resolver" daemon [_thread_blocked, id=5164, stack(0x000000012ef70000,0x0000000132f70000)]
  0x000000006f689000 JavaThread "Unnamed RequestAggregator Timer" daemon [_thread_blocked, id=5964, stack(0x000000012af70000,0x000000012ef70000)]
  0x000000006f685800 JavaThread "Timer-2" daemon [_thread_blocked, id=5904, stack(0x0000000116f70000,0x000000011af70000)]
=>0x000000006f687000 JavaThread "Main message loop" daemon [_thread_in_vm, id=6084, stack(0x0000000112f70000,0x0000000116f70000)]
  0x000000006f685000 JavaThread "com.jniwrapper.NativeResourceCollector" daemon [_thread_blocked, id=6324, stack(0x000000010ef70000,0x0000000112f70000)]
  0x000000006f688800 JavaThread "Browser Thread" daemon [_thread_blocked, id=1732, stack(0x0000000102f70000,0x0000000106f70000)]
  0x000000006f683800 JavaThread "Startup Class Loader" daemon [_thread_blocked, id=3700, stack(0x00000000fcfd0000,0x0000000100fd0000)]
  0x000000006f687800 JavaThread "Swing-Shell" daemon [_thread_blocked, id=5956, stack(0x000000011ef70000,0x0000000122f70000)]
  0x000000006f67e800 JavaThread "FileDecorationCache request queue" daemon [_thread_blocked, id=5940, stack(0x000000010af70000,0x000000010ef70000)]
  0x000000006f684000 JavaThread "Image Fetcher 1" daemon [_thread_blocked, id=5836, stack(0x0000000106f70000,0x000000010af70000)]
  0x000000006f682000 JavaThread "Active Reference Queue Daemon" daemon [_thread_blocked, id=4008, stack(0x00000000f8fd0000,0x00000000fcfd0000)]
  0x000000006f681000 JavaThread "Timer-1" daemon [_thread_blocked, id=6648, stack(0x00000000f4fd0000,0x00000000f8fd0000)]
  0x000000006f680800 JavaThread "ClipboardMonitor Timer" daemon [_thread_blocked, id=6624, stack(0x00000000f0fd0000,0x00000000f4fd0000)]
  0x000000006f67f800 JavaThread "Explorer NavigationContext request queue" daemon [_thread_blocked, id=6652, stack(0x00000000ecfd0000,0x00000000f0fd0000)]
  0x000000006f67f000 JavaThread "Image Fetcher 0" daemon [_thread_blocked, id=6656, stack(0x00000000e8fd0000,0x00000000ecfd0000)]
  0x000000006f67d800 JavaThread "AddressBar directory emptiness poller" daemon [_thread_blocked, id=6044, stack(0x00000000e0fd0000,0x00000000e4fd0000)]
  0x000000006f67d000 JavaThread "Explorer Refresh Service 1937331836" daemon [_thread_blocked, id=6672, stack(0x00000000dcfd0000,0x00000000e0fd0000)]
  0x000000006f67c000 JavaThread "Thread-4" daemon [_thread_blocked, id=7160, stack(0x00000000d4fd0000,0x00000000d8fd0000)]
  0x000000006f67b800 JavaThread "TimerQueue" daemon [_thread_blocked, id=7152, stack(0x00000000c4000000,0x00000000c8000000)]
  0x000000006f67a800 JavaThread "Thread-3" daemon [_thread_blocked, id=7132, stack(0x00000000b4000000,0x00000000b8000000)]
  0x000000006f67a000 JavaThread "FelixPackageAdmin" daemon [_thread_blocked, id=7000, stack(0x00000000c0000000,0x00000000c4000000)]
  0x0000000070d19800 JavaThread "FelixStartLevel" daemon [_thread_blocked, id=6996, stack(0x00000000bc000000,0x00000000c0000000)]
  0x0000000070d18800 JavaThread "FelixDispatchQueue" daemon [_thread_blocked, id=7008, stack(0x00000000b8000000,0x00000000bc000000)]
  0x000000006f013000 JavaThread "AWT-EventQueue-0" [_thread_in_native, id=6992, stack(0x00000000b0000000,0x00000000b4000000)]
  0x000000006f168800 JavaThread "AWT-Shutdown" [_thread_blocked, id=6988, stack(0x00000000a0000000,0x00000000a4000000)]
  0x000000006f019000 JavaThread "com.google.common.base.internal.Finalizer" daemon [_thread_blocked, id=6900, stack(0x00000000ac000000,0x00000000b0000000)]
  0x000000006eff8800 JavaThread "Image Fetcher 3" daemon [_thread_blocked, id=5812, stack(0x00000000a8000000,0x00000000ac000000)]
  0x000000006eff5800 JavaThread "AWT-Windows" daemon [_thread_blocked, id=5364, stack(0x00000000a4000000,0x00000000a8000000)]
  0x000000006efb0800 JavaThread "Java2D Disposer" daemon [_thread_blocked, id=5172, stack(0x000000009c000000,0x00000000a0000000)]
  0x000000006eb63000 JavaThread "Timer-0" [_thread_blocked, id=5192, stack(0x0000000098000000,0x000000009c000000)]
  0x000000006bdb2000 JavaThread "EventMgr Dispatcher" daemon [_thread_in_native, id=5188, stack(0x0000000094000000,0x0000000098000000)]
  0x000000000eea3800 JavaThread "Low Memory Detector" daemon [_thread_blocked, id=6800, stack(0x000000008c000000,0x0000000090000000)]
  0x000000000ee54000 JavaThread "CompilerThread1" daemon [_thread_blocked, id=3448, stack(0x0000000088000000,0x000000008c000000)]
  0x000000000ee51000 JavaThread "CompilerThread0" daemon [_thread_blocked, id=4004, stack(0x0000000084000000,0x0000000088000000)]
  0x000000000ee50000 JavaThread "Attach Listener" daemon [_thread_blocked, id=3468, stack(0x0000000080000000,0x0000000084000000)]
  0x000000000ee3c800 JavaThread "Finalizer" daemon [_thread_blocked, id=3088, stack(0x0000000067140000,0x000000006b140000)]
  0x000000000ee36000 JavaThread "Reference Handler" daemon [_thread_blocked, id=4252, stack(0x0000000063140000,0x0000000067140000)]
  0x0000000006507800 JavaThread "main" [_thread_in_native, id=5152, stack(0x0000000000030000,0x0000000004030000)]

Other Threads:
  0x000000000ee31800 VMThread [stack: 0x000000005f140000,0x0000000063140000] [id=5368]
  0x000000000eec3800 WatcherThread [stack: 0x0000000090000000,0x0000000094000000] [id=5196]

VM state:synchronizing (normal execution)

VM Mutex/Monitor currently owned by a thread:  ([mutex/lock_event])
[0x0000000006505700] Threads_lock - owner thread: 0x000000000ee31800

Heap
 PSYoungGen      total 116928K, used 53906K [0x0000000047140000, 0x000000004f140000, 0x000000004f140000)
  eden space 103936K, 42% used [0x0000000047140000,0x0000000049cd9a00,0x000000004d6c0000)
  from space 12992K, 71% used [0x000000004e490000,0x000000004ed9b128,0x000000004f140000)
  to   space 13568K, 0% used [0x000000004d6c0000,0x000000004d6c0000,0x000000004e400000)
 PSOldGen        total 74368K, used 48211K [0x000000002f140000, 0x00000000339e0000, 0x0000000047140000)
  object space 74368K, 64% used [0x000000002f140000,0x0000000032054f20,0x00000000339e0000)
 PSPermGen       total 110400K, used 66689K [0x0000000027140000, 0x000000002dd10000, 0x000000002f140000)
  object space 110400K, 60% used [0x0000000027140000,0x000000002b260738,0x000000002dd10000)

Dynamic libraries:
0x0000000140000000 - 0x0000000140028000 	D:\Program Files\MATLAB\R2013a\bin\win64\MATLAB.exe
0x0000000077470000 - 0x0000000077619000 	C:\Windows\SYSTEM32\ntdll.dll
0x0000000077350000 - 0x000000007746f000 	C:\Windows\system32\kernel32.dll
0x000007fefd4f0000 - 0x000007fefd55b000 	C:\Windows\system32\KERNELBASE.dll
0x0000000074460000 - 0x0000000074515000 	D:\Program Files\MATLAB\R2013a\bin\win64\libut.dll
0x00000000758a0000 - 0x000000007595f000 	D:\Program Files\MATLAB\R2013a\bin\win64\libmwi18n.dll
0x0000000180000000 - 0x000000018000d000 	D:\Program Files\MATLAB\R2013a\bin\win64\libmwresource_core.dll
0x000000006e700000 - 0x000000006e798000 	D:\Program Files\MATLAB\R2013a\bin\win64\MSVCP100.dll
0x000000006e620000 - 0x000000006e6f2000 	D:\Program Files\MATLAB\R2013a\bin\win64\MSVCR100.dll
0x000000006e610000 - 0x000000006e61e000 	D:\Program Files\MATLAB\R2013a\bin\win64\boost_date_time-vc100-mt-1_49.dll
0x000000006e5e0000 - 0x000000006e60c000 	D:\Program Files\MATLAB\R2013a\bin\win64\boost_filesystem-vc100-mt-1_49.dll
0x000000006e5d0000 - 0x000000006e5d9000 	D:\Program Files\MATLAB\R2013a\bin\win64\boost_system-vc100-mt-1_49.dll
0x000007feff0c0000 - 0x000007feff19b000 	C:\Windows\system32\ADVAPI32.dll
0x000007fefe7e0000 - 0x000007fefe87f000 	C:\Windows\system32\msvcrt.dll
0x000007feff4a0000 - 0x000007feff4bf000 	C:\Windows\SYSTEM32\sechost.dll
0x000007fefee30000 - 0x000007fefef5d000 	C:\Windows\system32\RPCRT4.dll
0x000000006e5a0000 - 0x000000006e5c5000 	D:\Program Files\MATLAB\R2013a\bin\win64\LIBEXPAT.dll
0x000000006e410000 - 0x000000006e59a000 	D:\Program Files\MATLAB\R2013a\bin\win64\icuin49.dll
0x000000006e2d0000 - 0x000000006e40e000 	D:\Program Files\MATLAB\R2013a\bin\win64\icuuc49.dll
0x000000006d1a0000 - 0x000000006e2c2000 	D:\Program Files\MATLAB\R2013a\bin\win64\icudt49.dll
0x000000006d190000 - 0x000000006d1a0000 	D:\Program Files\MATLAB\R2013a\bin\win64\icuio49.dll
0x0000000073f70000 - 0x0000000074112000 	D:\Program Files\MATLAB\R2013a\bin\win64\libmwfl.dll
0x000000007a350000 - 0x000000007a737000 	D:\Program Files\MATLAB\R2013a\bin\win64\libmwMATLAB_res.dll
0x000000006d0b0000 - 0x000000006d18f000 	D:\Program Files\MATLAB\R2013a\bin\win64\boost_regex-vc100-mt-1_49.dll
0x0000000077250000 - 0x000000007734a000 	C:\Windows\system32\USER32.dll
0x000007fefeca0000 - 0x000007fefed07000 	C:\Windows\system32\GDI32.dll
0x000007fefd650000 - 0x000007fefd65e000 	C:\Windows\system32\LPK.dll
0x000007fefe4d0000 - 0x000007fefe599000 	C:\Windows\system32\USP10.dll
0x000000006d090000 - 0x000000006d0a1000 	D:\Program Files\MATLAB\R2013a\bin\win64\boost_signals-vc100-mt-1_49.dll
0x000000006d070000 - 0x000000006d081000 	D:\Program Files\MATLAB\R2013a\bin\win64\boost_thread-vc100-mt-1_49.dll
0x000007fee6700000 - 0x000007fee678c000 	D:\Program Files\MATLAB\R2013a\bin\win64\boost_log-vc100-mt-1_49.dll
0x0000000077640000 - 0x0000000077647000 	C:\Windows\system32\PSAPI.DLL
0x000007fefec50000 - 0x000007fefec9d000 	C:\Windows\system32\WS2_32.dll
0x000007feff380000 - 0x000007feff388000 	C:\Windows\system32\NSI.dll
0x000007fee66c0000 - 0x000007fee66f3000 	D:\Program Files\MATLAB\R2013a\bin\win64\tbb.dll
0x000007fefe8e0000 - 0x000007fefe8f9000 	C:\Windows\system32\imagehlp.dll
0x000007fefba20000 - 0x000007fefba4c000 	C:\Windows\system32\POWRPROF.dll
0x000007feff1a0000 - 0x000007feff377000 	C:\Windows\system32\SETUPAPI.dll
0x000007fefd4a0000 - 0x000007fefd4d6000 	C:\Windows\system32\CFGMGR32.dll
0x000007fefd660000 - 0x000007fefd737000 	C:\Windows\system32\OLEAUT32.dll
0x000007fefe5a0000 - 0x000007fefe7a3000 	C:\Windows\system32\ole32.dll
0x000007fefd620000 - 0x000007fefd63a000 	C:\Windows\system32\DEVOBJ.dll
0x0000000004230000 - 0x0000000004251000 	D:\Program Files\MATLAB\R2013a\bin\win64\libmwmfl_scalar.dll
0x000007fee6590000 - 0x000007fee66b5000 	C:\Windows\system32\dbghelp.dll
0x0000000004260000 - 0x000000000458f000 	D:\Program Files\MATLAB\R2013a\bin\win64\libmwservices.dll
0x0000000075a20000 - 0x0000000075b0b000 	D:\Program Files\MATLAB\R2013a\bin\win64\libmx.dll
0x000007fee6560000 - 0x000007fee6588000 	D:\Program Files\MATLAB\R2013a\bin\win64\tbbmalloc.dll
0x000000006d050000 - 0x000000006d067000 	D:\Program Files\MATLAB\R2013a\bin\win64\zlib1.dll
0x0000000004590000 - 0x00000000045de000 	D:\Program Files\MATLAB\R2013a\bin\win64\libmwregexp.dll
0x0000000075f10000 - 0x0000000075f57000 	D:\Program Files\MATLAB\R2013a\bin\win64\mpath.dll
0x000000007b680000 - 0x000000007bc66000 	D:\Program Files\MATLAB\R2013a\bin\win64\mlutil.dll
0x00000000754d0000 - 0x0000000075547000 	D:\Program Files\MATLAB\R2013a\bin\win64\xmlcore.dll
0x000000006ce00000 - 0x000000006d041000 	D:\Program Files\MATLAB\R2013a\bin\win64\xerces-c_2_7.dll
0x00000000045e0000 - 0x0000000004602000 	D:\Program Files\MATLAB\R2013a\bin\win64\libmwMATLAB_settings_res.dll
0x000007fee6550000 - 0x000007fee6560000 	D:\Program Files\MATLAB\R2013a\bin\win64\boost_iostreams-vc100-mt-1_49.dll
0x000007fee6500000 - 0x000007fee6546000 	D:\Program Files\MATLAB\R2013a\bin\win64\boost_serialization-vc100-mt-1_49.dll
0x000007fefd740000 - 0x000007fefe4c8000 	C:\Windows\system32\SHELL32.dll
0x000007fefedb0000 - 0x000007fefee21000 	C:\Windows\system32\SHLWAPI.dll
0x0000000004120000 - 0x0000000004126000 	D:\Program Files\MATLAB\R2013a\bin\win64\libmwnativedisplay.dll
0x000007fef9660000 - 0x000007fef9700000 	C:\Windows\WinSxS\amd64_microsoft.windows.common-controls_6595b64144ccf1df_5.82.7601.17514_none_a4d6a923711520a9\COMCTL32.dll
0x000007fefed10000 - 0x000007fefeda7000 	C:\Windows\system32\COMDLG32.dll
0x000007fefc410000 - 0x000007fefc426000 	C:\Windows\system32\NETAPI32.dll
0x000007fefc470000 - 0x000007fefc47c000 	C:\Windows\system32\netutils.dll
0x000007fefccb0000 - 0x000007fefccd3000 	C:\Windows\system32\srvcli.dll
0x000007fefc450000 - 0x000007fefc465000 	C:\Windows\system32\wkscli.dll
0x0000000074970000 - 0x0000000074a18000 	D:\Program Files\MATLAB\R2013a\bin\win64\mcr.dll
0x0000000075000000 - 0x00000000753b1000 	D:\Program Files\MATLAB\R2013a\bin\win64\iqm.dll
0x0000000074e80000 - 0x0000000074f30000 	D:\Program Files\MATLAB\R2013a\bin\win64\m_dispatcher.dll
0x0000000004610000 - 0x0000000004e18000 	D:\Program Files\MATLAB\R2013a\bin\win64\m_interpreter.dll
0x0000000004e20000 - 0x0000000004e44000 	D:\Program Files\MATLAB\R2013a\bin\win64\libmex.dll
0x0000000075430000 - 0x00000000754ab000 	D:\Program Files\MATLAB\R2013a\bin\win64\profiler.dll
0x0000000004e50000 - 0x00000000050d3000 	D:\Program Files\MATLAB\R2013a\bin\win64\libmwmathutil.dll
0x0000000079f40000 - 0x0000000079f66000 	D:\Program Files\MATLAB\R2013a\bin\win64\libmwmathrng.dll
0x00000000050e0000 - 0x00000000050f0000 	D:\Program Files\MATLAB\R2013a\bin\win64\libmwmfl_rng.dll
0x0000000074c10000 - 0x0000000074cf8000 	D:\Program Files\MATLAB\R2013a\bin\win64\libmwmathcore.dll
0x0000000076160000 - 0x00000000761c3000 	D:\Program Files\MATLAB\R2013a\bin\win64\libmwspmatrix.dll
0x000000007b0a0000 - 0x000000007b2f6000 	D:\Program Files\MATLAB\R2013a\bin\win64\mcos.dll
0x0000000075ea0000 - 0x0000000075f02000 	D:\Program Files\MATLAB\R2013a\bin\win64\libmwcholmod.dll
0x0000000005100000 - 0x000000000510d000 	D:\Program Files\MATLAB\R2013a\bin\win64\libmwamd.dll
0x0000000070c30000 - 0x0000000070cd3000 	C:\Windows\WinSxS\amd64_microsoft.vc90.crt_1fc8b3b9a1e18e3b_9.0.30729.6161_none_08e61857a83bc251\MSVCR90.dll
0x0000000005120000 - 0x000000000512c000 	D:\Program Files\MATLAB\R2013a\bin\win64\libmwcolamd.dll
0x000000007a290000 - 0x000000007a2a3000 	D:\Program Files\MATLAB\R2013a\bin\win64\libmwblas.dll
0x000000007a310000 - 0x000000007a325000 	D:\Program Files\MATLAB\R2013a\bin\win64\libmwbinder.dll
0x0000000005140000 - 0x000000000514b000 	D:\Program Files\MATLAB\R2013a\bin\win64\libmwompwrapper.dll
0x0000000075820000 - 0x000000007589e000 	D:\Program Files\MATLAB\R2013a\bin\win64\libmwlapack.dll
0x000000007a1b0000 - 0x000000007a1d0000 	D:\Program Files\MATLAB\R2013a\bin\win64\m_pcodeio.dll
0x0000000079b10000 - 0x0000000079b6c000 	D:\Program Files\MATLAB\R2013a\bin\win64\m_ir.dll
0x0000000078ed0000 - 0x0000000079579000 	D:\Program Files\MATLAB\R2013a\bin\win64\m_parser.dll
0x000000007a2f0000 - 0x000000007a307000 	D:\Program Files\MATLAB\R2013a\bin\win64\ir_xfmr.dll
0x0000000005150000 - 0x0000000005160000 	D:\Program Files\MATLAB\R2013a\bin\win64\mtok.dll
0x000000007a130000 - 0x000000007a158000 	D:\Program Files\MATLAB\R2013a\bin\win64\m_pcodegen.dll
0x0000000079fb0000 - 0x0000000079fdf000 	D:\Program Files\MATLAB\R2013a\bin\win64\libmwbridge.dll
0x0000000074f40000 - 0x0000000074ff6000 	D:\Program Files\MATLAB\R2013a\bin\win64\udd.dll
0x0000000073cc0000 - 0x0000000073e0e000 	D:\Program Files\MATLAB\R2013a\bin\win64\libmwgui.dll
0x000000007a1d0000 - 0x000000007a1f4000 	D:\Program Files\MATLAB\R2013a\bin\win64\graphics_util.dll
0x000007fee6440000 - 0x000007fee64f8000 	D:\Program Files\MATLAB\R2013a\bin\win64\libtex_base.dll
0x0000000005160000 - 0x0000000005aa3000 	D:\Program Files\MATLAB\R2013a\bin\win64\hg.dll
0x0000000076100000 - 0x000000007615a000 	D:\Program Files\MATLAB\R2013a\bin\win64\libmat.dll
0x0000000072d30000 - 0x0000000072f38000 	D:\Program Files\MATLAB\R2013a\bin\win64\hdf5dll.dll
0x0000000075710000 - 0x00000000757d8000 	D:\Program Files\MATLAB\R2013a\bin\win64\jmi.dll
0x0000000005ac0000 - 0x0000000005ace000 	D:\Program Files\MATLAB\R2013a\bin\win64\nativejava_services.dll
0x0000000005ad0000 - 0x0000000005b10000 	D:\Program Files\MATLAB\R2013a\bin\win64\libmwhardcopy.dll
0x0000000075c70000 - 0x0000000075cce000 	D:\Program Files\MATLAB\R2013a\bin\win64\libuij.dll
0x0000000072f50000 - 0x000000007318f000 	D:\Program Files\MATLAB\R2013a\bin\win64\hgdatatypes.dll
0x0000000005b10000 - 0x0000000005bfb000 	D:\Program Files\MATLAB\R2013a\bin\win64\hgutils.dll
0x0000000005c00000 - 0x0000000005cae000 	D:\Program Files\MATLAB\R2013a\bin\win64\udd_mi.dll
0x0000000005cb0000 - 0x0000000005ce6000 	D:\Program Files\MATLAB\R2013a\bin\win64\libmwgbtutils.dll
0x0000000005cf0000 - 0x0000000005d04000 	D:\Program Files\MATLAB\R2013a\bin\win64\libmwgbt.dll
0x0000000005d10000 - 0x0000000005fde000 	D:\Program Files\MATLAB\R2013a\bin\win64\uiw.dll
0x0000000005fe0000 - 0x0000000005fe9000 	D:\Program Files\MATLAB\R2013a\bin\win64\uinone.dll
0x0000000005ff0000 - 0x0000000006016000 	D:\Program Files\MATLAB\R2013a\bin\win64\libmwnativefiledialogs.dll
0x0000000006020000 - 0x000000000602c000 	D:\Program Files\MATLAB\R2013a\bin\win64\libmwplatform_res.dll
0x000007fef6d30000 - 0x000007fef6d48000 	C:\Windows\system32\MPR.dll
0x000000006c8a0000 - 0x000000006cdfd000 	D:\Program Files\MATLAB\R2013a\bin\win64\mfc100.dll
0x000007fefc010000 - 0x000007fefc017000 	C:\Windows\system32\MSIMG32.dll
0x000007fef9c30000 - 0x000007fef9ca1000 	C:\Windows\system32\WINSPOOL.DRV
0x0000000006030000 - 0x000000000604d000 	D:\Program Files\MATLAB\R2013a\bin\win64\mwoles05.DLL
0x0000000006050000 - 0x00000000060bc000 	D:\Program Files\MATLAB\R2013a\bin\win64\comcli.dll
0x000000006c870000 - 0x000000006c89b000 	D:\Program Files\MATLAB\R2013a\bin\win64\ATL100.DLL
0x00000000060c0000 - 0x00000000060cc000 	D:\Program Files\MATLAB\R2013a\bin\win64\mlautoregister.dll
0x00000000060d0000 - 0x0000000006226000 	D:\Program Files\MATLAB\R2013a\bin\win64\mvm.dll
0x000007fefe7b0000 - 0x000007fefe7de000 	C:\Windows\system32\IMM32.DLL
0x000007feff390000 - 0x000007feff499000 	C:\Windows\system32\MSCTF.dll
0x000007fefd1d0000 - 0x000007fefd216000 	C:\Windows\system32\nvinitx.dll
0x000000000f000000 - 0x000000000f006000 	C:\Program Files\NVIDIA Corporation\CoProcManager\_etoured.dll
0x000007fef8c50000 - 0x000007fef8ca5000 	C:\Program Files\NVIDIA Corporation\CoProcManager\nvd3d9wrapx.dll
0x000007fef8ba0000 - 0x000007fef8bdd000 	C:\Program Files\NVIDIA Corporation\CoProcManager\nvdxgiwrapx.dll
0x000007fefad60000 - 0x000007fefadb6000 	C:\Windows\system32\UxTheme.dll

VM Arguments:
jvm_args: -XX:PermSize=32m -Xms64m -XX:NewRatio=3 -XX:MaxPermSize=128m -Xmx512m -XX:MaxDirectMemorySize=2147400000 -Dsun.java2d.noddraw=true -Dsun.awt.nopixfmt=true -Xshare:off -Xrs -Dsun.awt.disableMixing=true -Djava.library.path=D:\Program Files\MATLAB\R2013a\bin\win64;D:\Program Files\MATLAB\R2013a\sys\jxbrowser\win64\lib vfprintf abort -Duser.language=en -Duser.country=US 
java_command: <unknown>
Launcher Type: generic

Environment Variables:
JAVA_HOME=D:\Program Files\Java\jdk1.7.0_45
USERNAME=aero-think
OS=Windows_NT
PROCESSOR_IDENTIFIER=Intel64 Family 6 Model 42 Stepping 7, GenuineIntel



---------------  S Y S T E M  ---------------

OS: Windows 7 Build 7601 Service Pack 1

CPU:total 4 (8 cores per cpu, 2 threads per core) family 6 model 42 stepping 7, cmov, cx8, fxsr, mmx, sse, sse2, sse3, ssse3, sse4.1, sse4.2, ht

Memory: 4k page, physical 8154352k(5649800k free), swap 16306840k(13784376k free)

vm_info: Java HotSpot(TM) 64-Bit Server VM (14.3-b01) for windows-amd64 JRE (1.6.0_17-b04), built on Oct 11 2009 00:46:08 by "java_re" with MS VC++ 8.0

time: Tue Nov 19 12:30:09 2013
elapsed time: 12 seconds

