#
# A fatal error has been detected by the Java Runtime Environment:
#
# java.lang.OutOfMemoryError: requested 140080 bytes for Chunk::new. Out of swap space?
#
#  Internal Error (allocation.cpp:215), pid=8400, tid=7056
#  Error: Chunk::new
#
# JRE version: 6.0_17-b04
# Java VM: Java HotSpot(TM) 64-Bit Server VM (14.3-b01 mixed mode windows-amd64 )
# If you would like to submit a bug report, please visit:
#   http://java.sun.com/webapps/bugreport/crash.jsp
#

---------------  T H R E A D  ---------------

Current thread (0x000000000e1ae000):  JavaThread "CompilerThread1" daemon [_thread_in_native, id=7056, stack(0x000000005cc20000,0x0000000060c20000)]

Stack: [0x000000005cc20000,0x0000000060c20000]

Current CompileTask:
C2:2553  !   java.awt.DefaultKeyboardFocusManager.dispatchEvent(Ljava/awt/AWTEvent;)Z (1532 bytes)


---------------  P R O C E S S  ---------------

Java Threads: ( => current thread )
  0x0000000061f45800 JavaThread "FreeableDirectByteBuffer reference reaper" daemon [_thread_blocked, id=7952, stack(0x000000006a860000,0x000000006a8e0000)]
  0x0000000061f43800 JavaThread "Thread-792" daemon [_thread_blocked, id=9084, stack(0x0000000068480000,0x0000000068500000)]
  0x0000000061f42800 JavaThread "CommGroup select thread com.mathworks.toolbox.distcomp.pmode.io.CommunicationGroup@10c58a51" daemon [_thread_in_native, id=6200, stack(0x000000006a940000,0x000000006a9c0000)]
  0x0000000061f42000 JavaThread "Thread-791" daemon [_thread_blocked, id=8420, stack(0x00000000686d0000,0x0000000068750000)]
  0x0000000027057800 JavaThread "LocalScheduler2" daemon [_thread_in_native, id=4788, stack(0x0000000060c60000,0x0000000060ce0000)]
  0x0000000061f3f800 JavaThread "Thread-790" [_thread_blocked, id=6812, stack(0x0000000068400000,0x0000000068480000)]
  0x000000000ef26000 JavaThread "LocalScheduler1" daemon [_thread_blocked, id=8636, stack(0x0000000068650000,0x00000000686d0000)]
  0x000000000ef21800 JavaThread "LocalScheduler0" daemon [_thread_blocked, id=4660, stack(0x0000000067ff0000,0x0000000068070000)]
  0x000000000e1a5800 JavaThread "pool-8-thread-1" [_thread_blocked, id=2784, stack(0x0000000065b10000,0x0000000065b90000)]
  0x000000000ef22800 JavaThread "Code Analyzer updating thread" [_thread_blocked, id=6400, stack(0x0000000029100000,0x0000000029180000)]
  0x000000000ef24800 JavaThread "Foxtrot Multi Worker Thread Runner #2" daemon [_thread_blocked, id=5476, stack(0x0000000026ae0000,0x0000000026b60000)]
  0x000000000ef21000 JavaThread "Foxtrot Single Worker Thread #1" daemon [_thread_blocked, id=1236, stack(0x0000000008340000,0x00000000083c0000)]
  0x000000000ef26800 JavaThread "Prefs Updater" daemon [_thread_blocked, id=7800, stack(0x000000001d220000,0x000000001d2a0000)]
  0x0000000027056000 JavaThread "Code Analyzer updating thread" [_thread_blocked, id=8900, stack(0x0000000008470000,0x00000000084f0000)]
  0x0000000027055000 JavaThread "Active Reference Queue Daemon" daemon [_thread_blocked, id=8740, stack(0x00000000083d0000,0x0000000008450000)]
  0x000000000e1a3800 JavaThread "Timer-22" daemon [_thread_blocked, id=7252, stack(0x00000000082a0000,0x0000000008320000)]
  0x000000000e1a2000 JavaThread "AddressBar directory emptiness poller" [_thread_blocked, id=7380, stack(0x0000000008200000,0x0000000008280000)]
  0x000000000e1a4000 JavaThread "Timer queue for AWT thread" daemon [_thread_blocked, id=4516, stack(0x0000000007f10000,0x0000000007f90000)]
  0x000000000e1a6800 JavaThread "Timer-7" daemon [_thread_blocked, id=6076, stack(0x0000000048740000,0x00000000487c0000)]
  0x000000000e1a5000 JavaThread "Explorer NavigationContext request queue" [_thread_blocked, id=716, stack(0x0000000044660000,0x00000000446e0000)]
  0x000000000e1a2800 JavaThread "AddressBar directory emptiness poller" [_thread_blocked, id=4256, stack(0x0000000044540000,0x00000000445c0000)]
  0x000000000e1a1800 JavaThread "Timer-1" [_thread_blocked, id=6508, stack(0x00000000212f0000,0x0000000021370000)]
  0x000000000e19e800 JavaThread "TimerQueue" daemon [_thread_blocked, id=3732, stack(0x000000000fae0000,0x000000000fb60000)]
  0x000000000e1a0800 JavaThread "FelixPackageAdmin" daemon [_thread_blocked, id=7612, stack(0x0000000010ee0000,0x0000000010f60000)]
  0x000000000e1a0000 JavaThread "FelixStartLevel" daemon [_thread_blocked, id=4592, stack(0x0000000010e60000,0x0000000010ee0000)]
  0x000000000e19f000 JavaThread "FelixDispatchQueue" daemon [_thread_blocked, id=2028, stack(0x0000000019080000,0x0000000019100000)]
  0x000000000e19d800 JavaThread "AWT-EventQueue-0" [_thread_blocked, id=8228, stack(0x000000000fc30000,0x000000000fcb0000)]
  0x000000000e19d000 JavaThread "com.google.common.base.internal.Finalizer" daemon [_thread_blocked, id=8284, stack(0x000000000f940000,0x000000000f9c0000)]
  0x000000000e19b800 JavaThread "AWT-Windows" daemon [_thread_in_native, id=1852, stack(0x000000000f7a0000,0x000000000f820000)]
  0x000000000e19b000 JavaThread "AWT-Shutdown" [_thread_blocked, id=3628, stack(0x000000000f570000,0x000000000f5f0000)]
  0x000000000e19a000 JavaThread "Java2D Disposer" daemon [_thread_blocked, id=2508, stack(0x000000000f6b0000,0x000000000f730000)]
  0x000000000e199800 JavaThread "Timer-0" [_thread_blocked, id=4860, stack(0x000000000e340000,0x000000000e3c0000)]
  0x000000000e198800 JavaThread "EventMgr Dispatcher" daemon [_thread_in_native, id=8072, stack(0x0000000010f90000,0x0000000014f90000)]
  0x000000000e198000 JavaThread "Low Memory Detector" daemon [_thread_blocked, id=7788, stack(0x000000000e6a0000,0x000000000e720000)]
=>0x000000000e1ae000 JavaThread "CompilerThread1" daemon [_thread_in_native, id=7056, stack(0x000000005cc20000,0x0000000060c20000)]
  0x000000000e14f000 JavaThread "CompilerThread0" daemon [_thread_blocked, id=3624, stack(0x0000000058aa0000,0x000000005caa0000)]
  0x000000000e197000 JavaThread "Attach Listener" daemon [_thread_blocked, id=3992, stack(0x000000000e4c0000,0x000000000e540000)]
  0x000000000e13a000 JavaThread "Finalizer" daemon [_thread_blocked, id=4604, stack(0x000000000e550000,0x000000000e5d0000)]
  0x000000000e133800 JavaThread "Reference Handler" daemon [_thread_blocked, id=7068, stack(0x000000000e400000,0x000000000e480000)]
  0x0000000005484800 JavaThread "main" [_thread_blocked, id=7628, stack(0x00000000001a0000,0x00000000041a0000)]

Other Threads:
  0x000000000553f000 VMThread [stack: 0x0000000054a60000,0x0000000058a60000] [id=7688]
  0x000000000e1df000 WatcherThread [stack: 0x000000006d380000,0x0000000071380000] [id=6420]

VM state:not at safepoint (normal execution)

VM Mutex/Monitor currently owned by a thread: None

Heap
 PSYoungGen      total 14464K, used 5642K [0x0000000040540000, 0x0000000041790000, 0x0000000044540000)
  eden space 10304K, 32% used [0x0000000040540000,0x00000000408880f0,0x0000000040f50000)
  from space 4160K, 54% used [0x0000000041370000,0x00000000415aa888,0x0000000041780000)
  to   space 4224K, 0% used [0x0000000040f50000,0x0000000040f50000,0x0000000041370000)
 PSOldGen        total 134272K, used 131335K [0x0000000034540000, 0x000000003c860000, 0x0000000040540000)
  object space 134272K, 97% used [0x0000000034540000,0x000000003c581f30,0x000000003c860000)
 PSPermGen       total 124672K, used 79804K [0x000000002c540000, 0x0000000033f00000, 0x0000000034540000)
  object space 124672K, 64% used [0x000000002c540000,0x000000003132f2b0,0x0000000033f00000)

Dynamic libraries:
0x000000013f1d0000 - 0x000000013f202000 	D:\Program Files\MATLAB\R2012a\bin\win64\MATLAB.exe
0x0000000076e00000 - 0x0000000076fa9000 	C:\Windows\SYSTEM32\ntdll.dll
0x0000000076b80000 - 0x0000000076c9f000 	C:\Windows\system32\kernel32.dll
0x000007fefd3f0000 - 0x000007fefd45c000 	C:\Windows\system32\KERNELBASE.dll
0x0000000074460000 - 0x0000000074554000 	D:\Program Files\MATLAB\R2012a\bin\win64\libut.dll
0x00000000758a0000 - 0x0000000075952000 	D:\Program Files\MATLAB\R2012a\bin\win64\libmwi18n.dll
0x0000000180000000 - 0x000000018000b000 	D:\Program Files\MATLAB\R2012a\bin\win64\libmwresource_core.dll
0x0000000074270000 - 0x0000000074343000 	C:\Windows\WinSxS\amd64_microsoft.vc90.crt_1fc8b3b9a1e18e3b_9.0.30729.4940_none_08e4299fa83d7e3c\MSVCP90.dll
0x0000000000100000 - 0x000000000019d000 	C:\Windows\WinSxS\amd64_microsoft.vc90.crt_1fc8b3b9a1e18e3b_9.0.30729.4940_none_08e4299fa83d7e3c\MSVCR90.dll
0x000000007a170000 - 0x000000007a19c000 	D:\Program Files\MATLAB\R2012a\bin\win64\boost_filesystem-vc90-mt-1_44.dll
0x000000007a560000 - 0x000000007a569000 	D:\Program Files\MATLAB\R2012a\bin\win64\boost_system-vc90-mt-1_44.dll
0x000007fefec70000 - 0x000007fefed4b000 	C:\Windows\system32\ADVAPI32.dll
0x000007fefebd0000 - 0x000007fefec6f000 	C:\Windows\system32\msvcrt.dll
0x000007fefd710000 - 0x000007fefd72f000 	C:\Windows\SYSTEM32\sechost.dll
0x000007fefe8b0000 - 0x000007fefe9dd000 	C:\Windows\system32\RPCRT4.dll
0x000000007a010000 - 0x000000007a035000 	D:\Program Files\MATLAB\R2012a\bin\win64\LIBEXPAT.dll
0x00000000681f0000 - 0x00000000683e1000 	D:\Program Files\MATLAB\R2012a\bin\win64\icuin44.dll
0x0000000068070000 - 0x00000000681e1000 	D:\Program Files\MATLAB\R2012a\bin\win64\icuuc44.dll
0x0000000010000000 - 0x0000000010e41000 	D:\Program Files\MATLAB\R2012a\bin\win64\icudt44.dll
0x0000000073f70000 - 0x00000000740ad000 	D:\Program Files\MATLAB\R2012a\bin\win64\libmwfl.dll
0x0000000004300000 - 0x00000000045f6000 	D:\Program Files\MATLAB\R2012a\bin\win64\libmwMATLAB_res.dll
0x000000007a3b0000 - 0x000000007a3c0000 	D:\Program Files\MATLAB\R2012a\bin\win64\boost_date_time-vc90-mt-1_44.dll
0x000000007a250000 - 0x000000007a263000 	D:\Program Files\MATLAB\R2012a\bin\win64\boost_signals-vc90-mt-1_44.dll
0x000000007a2d0000 - 0x000000007a2e2000 	D:\Program Files\MATLAB\R2012a\bin\win64\boost_thread-vc90-mt-1_44.dll
0x0000000004640000 - 0x0000000004686000 	D:\Program Files\MATLAB\R2012a\bin\win64\tbb.dll
0x000007fefdad0000 - 0x000007fefdae9000 	C:\Windows\system32\imagehlp.dll
0x0000000076fc0000 - 0x0000000076fc7000 	C:\Windows\system32\PSAPI.DLL
0x000000006af40000 - 0x000000006af53000 	D:\Program Files\MATLAB\R2012a\bin\win64\icuio44.dll
0x000007feeb760000 - 0x000007feeb885000 	C:\Windows\system32\dbghelp.dll
0x0000000076870000 - 0x000000007696a000 	C:\Windows\system32\USER32.dll
0x000007fefd790000 - 0x000007fefd7f7000 	C:\Windows\system32\GDI32.dll
0x000007fefdac0000 - 0x000007fefdace000 	C:\Windows\system32\LPK.dll
0x000007feff040000 - 0x000007feff109000 	C:\Windows\system32\USP10.dll
0x000000007bed0000 - 0x000000007c183000 	D:\Program Files\MATLAB\R2012a\bin\win64\libmwservices.dll
0x0000000075a20000 - 0x0000000075ae2000 	D:\Program Files\MATLAB\R2012a\bin\win64\libmx.dll
0x000000007a210000 - 0x000000007a228000 	D:\Program Files\MATLAB\R2012a\bin\win64\zlib1.dll
0x00000000046e0000 - 0x0000000004701000 	D:\Program Files\MATLAB\R2012a\bin\win64\libmwmfl_scalar.dll
0x0000000075f10000 - 0x0000000075f5d000 	D:\Program Files\MATLAB\R2012a\bin\win64\mpath.dll
0x000000007b680000 - 0x000000007bbe1000 	D:\Program Files\MATLAB\R2012a\bin\win64\mlutil.dll
0x0000000068950000 - 0x00000000689cf000 	D:\Program Files\MATLAB\R2012a\bin\win64\xmlcore.dll
0x000000007bc30000 - 0x000000007be83000 	D:\Program Files\MATLAB\R2012a\bin\win64\xerces-c_2_7.dll
0x000007fefeae0000 - 0x000007fefeb2d000 	C:\Windows\system32\WS2_32.dll
0x000007fefda10000 - 0x000007fefda18000 	C:\Windows\system32\NSI.dll
0x0000000004760000 - 0x000000000477a000 	D:\Program Files\MATLAB\R2012a\bin\win64\libmwMATLAB_settings_res.dll
0x0000000004790000 - 0x00000000047d7000 	D:\Program Files\MATLAB\R2012a\bin\win64\boost_serialization-vc90-mt-1_44.dll
0x000007fefdaf0000 - 0x000007fefe878000 	C:\Windows\system32\SHELL32.dll
0x000007fefe9e0000 - 0x000007fefea51000 	C:\Windows\system32\SHLWAPI.dll
0x000007fef86a0000 - 0x000007fef8740000 	C:\Windows\WinSxS\amd64_microsoft.windows.common-controls_6595b64144ccf1df_5.82.7601.17514_none_a4d6a923711520a9\COMCTL32.dll
0x000007fefeb30000 - 0x000007fefebc7000 	C:\Windows\system32\COMDLG32.dll
0x000007fefc280000 - 0x000007fefc296000 	C:\Windows\system32\NETAPI32.dll
0x000007fefc270000 - 0x000007fefc27c000 	C:\Windows\system32\netutils.dll
0x000007fefd020000 - 0x000007fefd043000 	C:\Windows\system32\srvcli.dll
0x000007fefc250000 - 0x000007fefc265000 	C:\Windows\system32\wkscli.dll
0x000007fefd800000 - 0x000007fefda03000 	C:\Windows\system32\ole32.dll
0x000007fefd630000 - 0x000007fefd707000 	C:\Windows\system32\OLEAUT32.dll
0x0000000074970000 - 0x0000000074b06000 	D:\Program Files\MATLAB\R2012a\bin\win64\mcr.dll
0x0000000075000000 - 0x000000007536b000 	D:\Program Files\MATLAB\R2012a\bin\win64\iqm.dll
0x0000000066360000 - 0x0000000066b81000 	D:\Program Files\MATLAB\R2012a\bin\win64\m_interpreter.dll
0x000000006af10000 - 0x000000006af35000 	D:\Program Files\MATLAB\R2012a\bin\win64\libmex.dll
0x0000000068890000 - 0x0000000068943000 	D:\Program Files\MATLAB\R2012a\bin\win64\m_dispatcher.dll
0x0000000074880000 - 0x000000007496d000 	D:\Program Files\MATLAB\R2012a\bin\win64\boost_regex-vc90-mt-1_44.dll
0x0000000068590000 - 0x0000000068614000 	D:\Program Files\MATLAB\R2012a\bin\win64\profiler.dll
0x0000000004860000 - 0x0000000004ab5000 	D:\Program Files\MATLAB\R2012a\bin\win64\libmwmathutil.dll
0x0000000079f40000 - 0x0000000079f6d000 	D:\Program Files\MATLAB\R2012a\bin\win64\libmwmathrng.dll
0x0000000074c10000 - 0x0000000074ced000 	D:\Program Files\MATLAB\R2012a\bin\win64\libmwmathcore.dll
0x0000000076160000 - 0x00000000761cb000 	D:\Program Files\MATLAB\R2012a\bin\win64\libmwspmatrix.dll
0x0000000075ea0000 - 0x0000000075f02000 	D:\Program Files\MATLAB\R2012a\bin\win64\libmwcholmod.dll
0x000000007a460000 - 0x000000007a46d000 	D:\Program Files\MATLAB\R2012a\bin\win64\libmwamd.dll
0x000000007a4b0000 - 0x000000007a4bc000 	D:\Program Files\MATLAB\R2012a\bin\win64\libmwcolamd.dll
0x00000000732e0000 - 0x00000000732f9000 	D:\Program Files\MATLAB\R2012a\bin\win64\libmwblas.dll
0x000000006acf0000 - 0x000000006ad02000 	D:\Program Files\MATLAB\R2012a\bin\win64\libmwbinder.dll
0x0000000073920000 - 0x000000007392b000 	D:\Program Files\MATLAB\R2012a\bin\win64\libmwompwrapper.dll
0x0000000068500000 - 0x0000000068586000 	D:\Program Files\MATLAB\R2012a\bin\win64\libmwlapack.dll
0x000000006ac90000 - 0x000000006acb1000 	D:\Program Files\MATLAB\R2012a\bin\win64\m_pcodeio.dll
0x0000000079b10000 - 0x0000000079b77000 	D:\Program Files\MATLAB\R2012a\bin\win64\m_ir.dll
0x0000000065d10000 - 0x0000000066360000 	D:\Program Files\MATLAB\R2012a\bin\win64\m_parser.dll
0x000000006acd0000 - 0x000000006acea000 	D:\Program Files\MATLAB\R2012a\bin\win64\ir_xfmr.dll
0x0000000066f40000 - 0x00000000671b9000 	D:\Program Files\MATLAB\R2012a\bin\win64\mcos.dll
0x0000000073780000 - 0x000000007378c000 	D:\Program Files\MATLAB\R2012a\bin\win64\mtok.dll
0x000000006ac50000 - 0x000000006ac81000 	D:\Program Files\MATLAB\R2012a\bin\win64\m_pcodegen.dll
0x0000000079fb0000 - 0x0000000079fe7000 	D:\Program Files\MATLAB\R2012a\bin\win64\libmwbridge.dll
0x0000000067f10000 - 0x0000000067fd8000 	D:\Program Files\MATLAB\R2012a\bin\win64\udd.dll
0x0000000065bb0000 - 0x0000000065d02000 	D:\Program Files\MATLAB\R2012a\bin\win64\libmwgui.dll
0x000000006a9e0000 - 0x000000006a9f7000 	D:\Program Files\MATLAB\R2012a\bin\win64\graphics_util.dll
0x0000000061200000 - 0x0000000061ba3000 	D:\Program Files\MATLAB\R2012a\bin\win64\hg.dll
0x0000000004c30000 - 0x0000000004c97000 	D:\Program Files\MATLAB\R2012a\bin\win64\libmat.dll
0x0000000072d30000 - 0x0000000072f44000 	D:\Program Files\MATLAB\R2012a\bin\win64\hdf5dll.dll
0x0000000075710000 - 0x00000000757c1000 	D:\Program Files\MATLAB\R2012a\bin\win64\jmi.dll
0x0000000004cd0000 - 0x0000000004cde000 	D:\Program Files\MATLAB\R2012a\bin\win64\nativejava_services.dll
0x000000006a7c0000 - 0x000000006a802000 	D:\Program Files\MATLAB\R2012a\bin\win64\libmwhardcopy.dll
0x00000000687f0000 - 0x000000006884a000 	D:\Program Files\MATLAB\R2012a\bin\win64\libuij.dll
0x0000000065700000 - 0x000000006590c000 	D:\Program Files\MATLAB\R2012a\bin\win64\hgdatatypes.dll
0x0000000067e10000 - 0x0000000067f0d000 	D:\Program Files\MATLAB\R2012a\bin\win64\hgutils.dll
0x0000000066e80000 - 0x0000000066f3d000 	D:\Program Files\MATLAB\R2012a\bin\win64\udd_mi.dll
0x0000000004d40000 - 0x0000000004d7b000 	D:\Program Files\MATLAB\R2012a\bin\win64\libmwgbtutils.dll
0x0000000004d90000 - 0x0000000004da9000 	D:\Program Files\MATLAB\R2012a\bin\win64\libmwgbt.dll
0x0000000004dc0000 - 0x000000000508a000 	D:\Program Files\MATLAB\R2012a\bin\win64\uiw.dll
0x00000000734a0000 - 0x00000000734af000 	D:\Program Files\MATLAB\R2012a\bin\win64\uinone.dll
0x000007fefaea0000 - 0x000007fefaeb8000 	C:\Windows\system32\MPR.dll
0x0000000065210000 - 0x00000000656f4000 	C:\Windows\WinSxS\amd64_microsoft.vc90.mfc_1fc8b3b9a1e18e3b_9.0.30729.4148_none_04480933ab2137b1\mfc90.dll
0x000007fef9fc0000 - 0x000007fef9fc7000 	C:\Windows\system32\MSIMG32.dll
0x000007fefa990000 - 0x000007fefaa01000 	C:\Windows\system32\WINSPOOL.DRV
0x000000006a8f0000 - 0x000000006a910000 	D:\Program Files\MATLAB\R2012a\bin\win64\mwoles05.DLL
0x0000000065190000 - 0x000000006520c000 	D:\Program Files\MATLAB\R2012a\bin\win64\comcli.dll
0x000000006b650000 - 0x000000006b67f000 	C:\Windows\WinSxS\amd64_microsoft.vc90.atl_1fc8b3b9a1e18e3b_9.0.30729.4148_none_0a1d2fcba76b3f00\ATL90.DLL
0x0000000073450000 - 0x000000007345c000 	D:\Program Files\MATLAB\R2012a\bin\win64\mlautoregister.dll
0x00000000050e0000 - 0x00000000050f0000 	D:\Program Files\MATLAB\R2012a\bin\win64\boost_iostreams-vc90-mt-1_44.dll
0x000007fefd130000 - 0x000007fefd187000 	C:\Windows\system32\apphelp.dll
0x000007fee8df0000 - 0x000007fee8e41000 	C:\Windows\AppPatch\AppPatch64\AcGenral.DLL
0x000007fefd100000 - 0x000007fefd125000 	C:\Windows\system32\SspiCli.dll
0x000000006d240000 - 0x000000006d243000 	C:\Windows\system32\sfc.dll
0x000007fef4190000 - 0x000007fef41a0000 	C:\Windows\system32\sfc_os.DLL
0x000007fefc020000 - 0x000007fefc03e000 	C:\Windows\system32\USERENV.dll
0x000007fefd260000 - 0x000007fefd26f000 	C:\Windows\system32\profapi.dll
0x000007fefaf80000 - 0x000007fefaf98000 	C:\Windows\system32\dwmapi.dll
0x000007fefe880000 - 0x000007fefe8ae000 	C:\Windows\system32\IMM32.DLL
0x000007fefed50000 - 0x000007fefee59000 	C:\Windows\system32\MSCTF.dll
0x000007fefbab0000 - 0x000007fefbb06000 	C:\Windows\system32\UxTheme.dll
0x00000000737f0000 - 0x00000000737fd000 	C:\Windows\WinSxS\amd64_microsoft.vc90.mfcloc_1fc8b3b9a1e18e3b_9.0.30729.4148_none_01c6b44660ce74c3\MFC90ENU.DLL
0x0000000005380000 - 0x00000000053a9000 	D:\Program Files\MATLAB\R2012a\bin\win64\tbbmalloc.dll
0x000007fef28a0000 - 0x000007fef291f000 	C:\Program Files\Common Files\microsoft shared\ink\tiptsf.dll
0x000007fefc210000 - 0x000007fefc21c000 	C:\Windows\system32\version.dll
0x0000000078870000 - 0x0000000078ecd000 	D:\Program Files\MATLAB\R2012a\sys\java\jre\win64\jre\bin\server\jvm.dll
0x000007fefaf00000 - 0x000007fefaf3b000 	C:\Windows\system32\WINMM.dll
0x000007fefa140000 - 0x000007fefa167000 	C:\Windows\system32\iphlpapi.dll
0x000007fefa130000 - 0x000007fefa13b000 	C:\Windows\system32\WINNSI.DLL
0x000007fefc950000 - 0x000007fefc9ab000 	C:\Windows\system32\DNSAPI.dll
0x000007fef8470000 - 0x000007fef8481000 	C:\Windows\system32\dhcpcsvc6.DLL

VM Arguments:
jvm_args: -Xss512k -XX:PermSize=32m -Xms64m -XX:NewRatio=3 -XX:MaxPermSize=128m -Xmx256m -XX:MaxDirectMemorySize=2147400000 -Dsun.java2d.noddraw=true -Dsun.awt.nopixfmt=true -Xshare:off -Xrs -Dsun.awt.disableMixing=true -Djava.library.path=D:\Program Files\MATLAB\R2012a\bin\win64 vfprintf abort -Duser.language=en -Duser.country=US 
java_command: <unknown>
Launcher Type: generic

Environment Variables:
PATH=C:\Program Files\Common Files\Microsoft Shared\Windows Live;C:\Program Files (x86)\Common Files\Microsoft Shared\Windows Live;C:\Windows\system32;C:\Windows;C:\Windows\System32\Wbem;C:\Windows\System32\WindowsPowerShell\v1.0\;C:\Program Files\ThinkPad\Bluetooth Software\;C:\Program Files\ThinkPad\Bluetooth Software\syswow64;C:\Program Files\Broadcom\WHL\;C:\Program Files\Broadcom\WHL\syswow64;C:\Program Files\Broadcom\WHL\SysWow64\;C:\Program Files\Broadcom\WHL\SysWow64\syswow64;C:\Program Files (x86)\Common Files\Lenovo;C:\Program Files\Common Files\Lenovo;C:\Program Files (x86)\Windows Live\Shared;C:\SWTOOLS\ReadyApps;C:\Program Files (x86)\Intel\Services\IPT\;d:\Program Files\MATLAB\R2012a\runtime\win64;d:\Program Files\MATLAB\R2012a\bin;d:\Program Files\MATLAB\R2011b\runtime\win64;d:\Program Files\MATLAB\R2011b\bin;D:\PROGRA~2\DISKEE~1\DISKEE~1\;D:\Program Files\MATLAB\R2012a\toolbox\distcomp\bin
USERNAME=aero
OS=Windows_NT
PROCESSOR_IDENTIFIER=Intel64 Family 6 Model 42 Stepping 7, GenuineIntel



---------------  S Y S T E M  ---------------

OS: Windows 7 Build 7601 Service Pack 1

CPU:total 4 (8 cores per cpu, 2 threads per core) family 6 model 42 stepping 7, cmov, cx8, fxsr, mmx, sse, sse2, sse3, ssse3, sse4.1, sse4.2, ht

Memory: 4k page, physical 8269040k(598620k free), swap 8267188k(5012k free)

vm_info: Java HotSpot(TM) 64-Bit Server VM (14.3-b01) for windows-amd64 JRE (1.6.0_17-b04), built on Oct 11 2009 00:46:08 by "java_re" with MS VC++ 8.0

time: Tue Aug 07 23:05:34 2012
elapsed time: 11387 seconds

